[2025-05-13 17:42:00] [WARNING] Payment transaction initiated
[2025-05-13 17:42:01] [ERROR] Unauthorized access attempt
[2025-05-13 17:42:02] [DEBUG] Configuration file updated
[2025-05-13 17:42:03] [WARNING] Cache cleared for session
[2025-05-13 17:42:04] [DEBUG] User logout detected
[2025-05-13 17:42:05] [CRITICAL] Cache cleared for session
[2025-05-13 17:42:06] [CRITICAL] Server response delayed
[2025-05-13 17:42:07] [WARNING] User login successful
[2025-05-13 17:42:08] [INFO] User logout detected
[2025-05-13 17:42:09] [CRITICAL] File upload completed
[2025-05-13 17:42:10] [WARNING] Database query executed
[2025-05-13 17:42:11] [ERROR] Database query executed
[2025-05-13 17:42:12] [INFO] File upload completed
[2025-05-13 17:42:13] [INFO] File upload completed
[2025-05-13 17:42:14] [CRITICAL] Configuration file updated
[2025-05-13 17:42:15] [ERROR] Configuration file updated
[2025-05-13 17:42:16] [INFO] User logout detected
[2025-05-13 17:42:17] [INFO] User logout detected
[2025-05-13 17:42:18] [CRITICAL] New connection from IP 192.168.1.10
[2025-05-13 17:42:19] [DEBUG] Unauthorized access attempt
[2025-05-13 17:42:20] [ERROR] Unauthorized access attempt
[2025-05-13 17:42:21] [WARNING] Unauthorized access attempt
[2025-05-13 17:42:22] [INFO] Payment transaction initiated
[2025-05-13 17:42:23] [WARNING] Payment transaction initiated
[2025-05-13 17:42:24] [WARNING] Server response delayed
[2025-05-13 17:42:25] [ERROR] User logout detected
[2025-05-13 17:42:26] [WARNING] File upload completed
[2025-05-13 17:42:27] [ERROR] File upload completed
[2025-05-13 17:42:28] [ERROR] New connection from IP 192.168.1.10
[2025-05-13 17:42:29] [WARNING] Unauthorized access attempt
[2025-05-13 17:42:30] [INFO] User logout detected
[2025-05-13 17:42:31] [INFO] File upload completed
[2025-05-13 17:42:32] [INFO] Server response delayed
[2025-05-13 17:42:33] [CRITICAL] Server response delayed
[2025-05-13 17:42:34] [INFO] Payment transaction initiated
[2025-05-13 17:42:35] [DEBUG] Server response delayed
[2025-05-13 17:42:36] [CRITICAL] Server response delayed
[2025-05-13 17:42:37] [DEBUG] File upload completed
[2025-05-13 17:42:38] [INFO] User logout detected
[2025-05-13 17:42:39] [WARNING] User login successful
[2025-05-13 17:42:40] [WARNING] Cache cleared for session
[2025-05-13 17:42:41] [CRITICAL] New connection from IP 192.168.1.10
[2025-05-13 17:42:42] [DEBUG] Payment transaction initiated
[2025-05-13 17:42:43] [CRITICAL] Configuration file updated
[2025-05-13 17:42:44] [DEBUG] Cache cleared for session
[2025-05-13 17:42:45] [WARNING] File upload completed
[2025-05-13 17:42:46] [DEBUG] Payment transaction initiated
[2025-05-13 17:42:47] [INFO] User login successful
[2025-05-13 17:42:48] [INFO] Payment transaction initiated
[2025-05-13 17:42:49] [CRITICAL] User login successful
[2025-05-13 17:42:50] [INFO] File upload completed
[2025-05-13 17:42:51] [DEBUG] New connection from IP 192.168.1.10
[2025-05-13 17:42:52] [WARNING] Cache cleared for session
[2025-05-13 17:42:53] [ERROR] New connection from IP 192.168.1.10
[2025-05-13 17:42:54] [CRITICAL] Payment transaction initiated
[2025-05-13 17:42:55] [CRITICAL] Configuration file updated
[2025-05-13 17:42:56] [CRITICAL] User login successful
[2025-05-13 17:42:57] [CRITICAL] Unauthorized access attempt
[2025-05-13 17:42:58] [INFO] Database query executed
[2025-05-13 17:42:59] [ERROR] Database query executed
[2025-05-13 17:43:00] [INFO] Configuration file updated
[2025-05-13 17:43:01] [INFO] Configuration file updated
[2025-05-13 17:43:02] [CRITICAL] Configuration file updated
[2025-05-13 17:43:03] [INFO] Payment transaction initiated
[2025-05-13 17:43:04] [ERROR] Server response delayed
[2025-05-13 17:43:05] [INFO] Database query executed
[2025-05-13 17:43:06] [CRITICAL] Configuration file updated
[2025-05-13 17:43:07] [DEBUG] Payment transaction initiated
[2025-05-13 17:43:08] [WARNING] Database query executed
[2025-05-13 17:43:09] [ERROR] File upload completed
[2025-05-13 17:43:10] [DEBUG] New connection from IP 192.168.1.10
[2025-05-13 17:43:11] [WARNING] Database query executed
[2025-05-13 17:43:12] [CRITICAL] User login successful
[2025-05-13 17:43:13] [INFO] Cache cleared for session
[2025-05-13 17:43:14] [WARNING] Server response delayed
[2025-05-13 17:43:15] [WARNING] Cache cleared for session
[2025-05-13 17:43:16] [ERROR] Cache cleared for session
[2025-05-13 17:43:17] [INFO] Unauthorized access attempt
[2025-05-13 17:43:18] [ERROR] Database query executed
[2025-05-13 17:43:19] [WARNING] User logout detected
[2025-05-13 17:43:20] [ERROR] Cache cleared for session
[2025-05-13 17:43:21] [ERROR] User login successful
[2025-05-13 17:43:22] [ERROR] Payment transaction initiated
[2025-05-13 17:43:23] [DEBUG] Configuration file updated
[2025-05-13 17:43:24] [ERROR] User login successful
[2025-05-13 17:43:25] [DEBUG] User login successful
[2025-05-13 17:43:26] [CRITICAL] Cache cleared for session
[2025-05-13 17:43:27] [ERROR] Database query executed
[2025-05-13 17:43:28] [INFO] Payment transaction initiated
[2025-05-13 17:43:29] [INFO] Database query executed
[2025-05-13 17:43:30] [INFO] Server response delayed
[2025-05-13 17:43:31] [DEBUG] Unauthorized access attempt
[2025-05-13 17:43:32] [DEBUG] New connection from IP 192.168.1.10
[2025-05-13 17:43:33] [DEBUG] Server response delayed
[2025-05-13 17:43:34] [CRITICAL] Server response delayed
[2025-05-13 17:43:35] [WARNING] Server response delayed
[2025-05-13 17:43:36] [DEBUG] Unauthorized access attempt
[2025-05-13 17:43:37] [ERROR] New connection from IP 192.168.1.10
[2025-05-13 17:43:38] [INFO] Unauthorized access attempt
[2025-05-13 17:43:39] [INFO] User login successful
[2025-05-13 17:43:40] [WARNING] Cache cleared for session
[2025-05-13 17:43:41] [CRITICAL] File upload completed
[2025-05-13 17:43:42] [ERROR] New connection from IP 192.168.1.10
[2025-05-13 17:43:43] [ERROR] Payment transaction initiated
[2025-05-13 17:43:44] [ERROR] Unauthorized access attempt
[2025-05-13 17:43:45] [WARNING] Cache cleared for session
[2025-05-13 17:43:46] [WARNING] File upload completed
[2025-05-13 17:43:47] [CRITICAL] Configuration file updated
[2025-05-13 17:43:48] [INFO] User logout detected
[2025-05-13 17:43:49] [WARNING] Cache cleared for session
[2025-05-13 17:43:50] [WARNING] File upload completed
[2025-05-13 17:43:51] [WARNING] File upload completed
[2025-05-13 17:43:52] [WARNING] File upload completed
[2025-05-13 17:43:53] [DEBUG] Server response delayed
[2025-05-13 17:43:54] [DEBUG] Cache cleared for session
[2025-05-13 17:43:55] [INFO] Unauthorized access attempt
[2025-05-13 17:43:56] [WARNING] File upload completed
[2025-05-13 17:43:57] [CRITICAL] File upload completed
[2025-05-13 17:43:58] [DEBUG] Unauthorized access attempt
[2025-05-13 17:43:59] [CRITICAL] User logout detected
[2025-05-13 17:44:00] [DEBUG] Cache cleared for session
[2025-05-13 17:44:01] [WARNING] New connection from IP 192.168.1.10
[2025-05-13 17:44:02] [WARNING] User logout detected
[2025-05-13 17:44:03] [ERROR] Database query executed
[2025-05-13 17:44:04] [WARNING] Cache cleared for session
[2025-05-13 17:44:05] [WARNING] Unauthorized access attempt
[2025-05-13 17:44:06] [WARNING] Unauthorized access attempt
[2025-05-13 17:44:07] [WARNING] Cache cleared for session
[2025-05-13 17:44:08] [DEBUG] Configuration file updated
[2025-05-13 17:44:09] [ERROR] Database query executed
[2025-05-13 17:44:10] [CRITICAL] Configuration file updated
[2025-05-13 17:44:11] [INFO] User logout detected
[2025-05-13 17:44:12] [CRITICAL] Configuration file updated
[2025-05-13 17:44:13] [INFO] Cache cleared for session
[2025-05-13 17:44:14] [ERROR] Database query executed
[2025-05-13 17:44:15] [INFO] Configuration file updated
[2025-05-13 17:44:16] [ERROR] Server response delayed
[2025-05-13 17:44:17] [WARNING] Payment transaction initiated
[2025-05-13 17:44:18] [DEBUG] Payment transaction initiated
[2025-05-13 17:44:19] [DEBUG] Configuration file updated
[2025-05-13 17:44:20] [CRITICAL] Cache cleared for session
[2025-05-13 17:44:21] [CRITICAL] New connection from IP 192.168.1.10
[2025-05-13 17:44:22] [INFO] Server response delayed
[2025-05-13 17:44:23] [INFO] File upload completed
[2025-05-13 17:44:24] [INFO] Configuration file updated
[2025-05-13 17:44:25] [DEBUG] Cache cleared for session
[2025-05-13 17:44:26] [CRITICAL] New connection from IP 192.168.1.10
[2025-05-13 17:44:27] [DEBUG] Cache cleared for session
[2025-05-13 17:44:28] [DEBUG] Server response delayed
[2025-05-13 17:44:29] [DEBUG] Configuration file updated
[2025-05-13 17:44:30] [CRITICAL] Unauthorized access attempt
[2025-05-13 17:44:31] [INFO] Unauthorized access attempt
[2025-05-13 17:44:32] [INFO] Payment transaction initiated
[2025-05-13 17:44:33] [CRITICAL] Payment transaction initiated
[2025-05-13 17:44:34] [ERROR] Configuration file updated
[2025-05-13 17:44:35] [WARNING] User logout detected
[2025-05-13 17:44:36] [CRITICAL] Configuration file updated
[2025-05-13 17:44:37] [INFO] New connection from IP 192.168.1.10
[2025-05-13 17:44:38] [CRITICAL] Database query executed
[2025-05-13 17:44:39] [DEBUG] Payment transaction initiated
[2025-05-13 17:44:40] [CRITICAL] Cache cleared for session
[2025-05-13 17:44:41] [ERROR] Unauthorized access attempt
[2025-05-13 17:44:42] [DEBUG] Cache cleared for session
[2025-05-13 17:44:43] [WARNING] Payment transaction initiated
[2025-05-13 17:44:44] [CRITICAL] Database query executed
[2025-05-13 17:44:45] [DEBUG] Payment transaction initiated
[2025-05-13 17:44:46] [INFO] User login successful
[2025-05-13 17:44:47] [DEBUG] Server response delayed
[2025-05-13 17:44:48] [INFO] File upload completed
[2025-05-13 17:44:49] [INFO] Unauthorized access attempt
[2025-05-13 17:44:50] [WARNING] Server response delayed
[2025-05-13 17:44:51] [WARNING] New connection from IP 192.168.1.10
[2025-05-13 17:44:52] [CRITICAL] Payment transaction initiated
[2025-05-13 17:44:53] [DEBUG] Cache cleared for session
[2025-05-13 17:44:54] [WARNING] Database query executed
[2025-05-13 17:44:55] [ERROR] Server response delayed
[2025-05-13 17:44:56] [DEBUG] User logout detected
[2025-05-13 17:44:57] [CRITICAL] File upload completed
[2025-05-13 17:44:58] [ERROR] File upload completed
[2025-05-13 17:44:59] [ERROR] File upload completed
[2025-05-13 17:45:00] [WARNING] Unauthorized access attempt
[2025-05-13 17:45:01] [ERROR] User login successful
[2025-05-13 17:45:02] [ERROR] Unauthorized access attempt
[2025-05-13 17:46:37] [INFO] Payment transaction initiated
[2025-05-13 17:46:38] [INFO] Configuration file updated
[2025-05-13 17:46:39] [DEBUG] File upload completed
[2025-05-13 17:46:40] [INFO] Cache cleared for session
[2025-05-13 17:46:41] [DEBUG] Server response delayed
[2025-05-13 17:46:42] [CRITICAL] User logout detected
[2025-05-13 17:46:43] [INFO] New connection from IP 192.168.1.10
[2025-05-13 17:46:44] [WARNING] Configuration file updated
[2025-05-13 17:46:45] [INFO] Server response delayed
[2025-05-13 17:46:46] [WARNING] Database query executed
[2025-05-13 17:46:47] [WARNING] User login successful
[2025-05-13 17:46:48] [ERROR] User login successful
[2025-05-13 17:46:49] [INFO] Configuration file updated
[2025-05-13 17:46:50] [INFO] Payment transaction initiated
[2025-05-13 17:46:51] [DEBUG] Database query executed
[2025-05-13 17:46:52] [WARNING] Configuration file updated
[2025-05-13 17:46:53] [WARNING] Database query executed
[2025-05-13 17:46:54] [INFO] User logout detected
[2025-05-13 17:46:55] [INFO] File upload completed
[2025-05-13 17:46:56] [INFO] File upload completed
[2025-05-13 17:46:57] [WARNING] Cache cleared for session
[2025-05-13 17:46:58] [ERROR] User logout detected
[2025-05-13 17:46:59] [DEBUG] Cache cleared for session
[2025-05-13 17:47:00] [ERROR] Unauthorized access attempt
[2025-05-13 17:47:01] [CRITICAL] Cache cleared for session
[2025-05-13 17:47:02] [ERROR] Unauthorized access attempt
[2025-05-13 17:47:03] [ERROR] Unauthorized access attempt
[2025-05-13 17:47:04] [CRITICAL] New connection from IP 192.168.1.10
[2025-05-13 17:47:05] [INFO] Unauthorized access attempt
[2025-05-13 17:47:06] [WARNING] File upload completed
[2025-05-13 17:47:07] [INFO] Payment transaction initiated
[2025-05-13 17:47:08] [WARNING] Server response delayed
[2025-05-13 17:47:09] [WARNING] Configuration file updated
[2025-05-13 17:47:10] [WARNING] New connection from IP 192.168.1.10
[2025-05-13 17:47:11] [DEBUG] User login successful
[2025-05-13 17:47:12] [DEBUG] Cache cleared for session
[2025-05-13 17:47:13] [DEBUG] File upload completed
[2025-05-13 17:47:14] [WARNING] Configuration file updated
[2025-05-13 17:53:55] [DEBUG] Configuration file updated
[2025-05-13 17:53:56] [ERROR] Unauthorized access attempt
[2025-05-13 17:53:57] [WARNING] Database query executed
[2025-05-13 17:53:58] [WARNING] Cache cleared for session
[2025-05-13 17:53:59] [WARNING] Payment transaction initiated
[2025-05-13 17:54:00] [CRITICAL] Payment transaction initiated
[2025-05-13 17:54:01] [ERROR] Payment transaction initiated
[2025-05-13 17:54:02] [INFO] Cache cleared for session
[2025-05-13 17:54:03] [CRITICAL] Cache cleared for session
[2025-05-13 17:54:04] [CRITICAL] Server response delayed
[2025-05-13 17:54:05] [WARNING] Server response delayed
[2025-05-13 17:54:06] [WARNING] Payment transaction initiated
[2025-05-13 17:54:07] [ERROR] New connection from IP 192.168.1.10
[2025-05-13 17:54:08] [WARNING] File upload completed
[2025-05-13 17:54:09] [CRITICAL] User logout detected
[2025-05-13 17:54:10] [INFO] Database query executed
[2025-05-13 17:54:11] [CRITICAL] User logout detected
[2025-05-13 17:54:12] [INFO] Payment transaction initiated
[2025-05-13 17:54:13] [CRITICAL] Cache cleared for session
[2025-05-13 17:54:14] [WARNING] Cache cleared for session
[2025-05-13 17:54:15] [ERROR] User login successful
[2025-05-13 17:54:16] [ERROR] File upload completed
[2025-05-13 17:54:17] [WARNING] File upload completed
[2025-05-13 17:54:18] [INFO] User logout detected
[2025-05-13 17:54:19] [ERROR] Database query executed
[2025-05-13 17:54:20] [ERROR] Server response delayed
